<?xml version="1.0" encoding="UTF-8"?>
<!-- Generated by org.testng.reporters.JUnitReportReporter -->
<testsuite hostname="INL-DTSTLX3" failures="0" tests="1" name="Tests.BasicSeleniumTest" time="2.943" errors="0" timestamp="2024-07-30T19:35:19 IST" skipped="0">
  <testcase classname="Tests.BasicSeleniumTest" name="testGoogleTitle" time="2.943"/>
  <system-out/>
</testsuite> <!-- Tests.BasicSeleniumTest -->
